{"C:\\Users\\aliro\\digital-chaos-index\\src\\app.js": {"path":"C:\\Users\\aliro\\digital-chaos-index\\src\\app.js","statementMap":{"0":{"start":{"line":9,"column":12},"end":{"line":9,"column":21}},"1":{"start":{"line":11,"column":0},"end":{"line":11,"column":16}},"2":{"start":{"line":12,"column":0},"end":{"line":12,"column":24}},"3":{"start":{"line":14,"column":0},"end":{"line":16,"column":1}},"4":{"start":{"line":15,"column":2},"end":{"line":15,"column":25}},"5":{"start":{"line":17,"column":0},"end":{"line":17,"column":18}},"6":{"start":{"line":20,"column":0},"end":{"line":20,"column":24}},"7":{"start":{"line":23,"column":0},"end":{"line":23,"column":22}}},"fnMap":{},"branchMap":{"0":{"loc":{"start":{"line":14,"column":0},"end":{"line":16,"column":1}},"type":"if","locations":[{"start":{"line":14,"column":0},"end":{"line":16,"column":1}},{"start":{},"end":{}}],"line":14}},"s":{"0":9,"1":9,"2":9,"3":9,"4":0,"5":9,"6":9,"7":9},"f":{},"b":{"0":[0,9]},"_coverageSchema":"1a1c01bbd47fc00a2c39e90264f33305004495a9","hash":"d7a50f3dade5d86335683e0494fc9ba11d85da55"}
,"C:\\Users\\aliro\\digital-chaos-index\\src\\controllers\\auth.controller.js": {"path":"C:\\Users\\aliro\\digital-chaos-index\\src\\controllers\\auth.controller.js","statementMap":{"0":{"start":{"line":4,"column":2},"end":{"line":14,"column":3}},"1":{"start":{"line":5,"column":19},"end":{"line":5,"column":47}},"2":{"start":{"line":6,"column":4},"end":{"line":11,"column":7}},"3":{"start":{"line":13,"column":4},"end":{"line":13,"column":14}},"4":{"start":{"line":18,"column":2},"end":{"line":28,"column":3}},"5":{"start":{"line":19,"column":19},"end":{"line":19,"column":44}},"6":{"start":{"line":20,"column":4},"end":{"line":25,"column":7}},"7":{"start":{"line":27,"column":4},"end":{"line":27,"column":14}}},"fnMap":{"0":{"name":"register","decl":{"start":{"line":3,"column":22},"end":{"line":3,"column":30}},"loc":{"start":{"line":3,"column":47},"end":{"line":15,"column":1}},"line":3},"1":{"name":"login","decl":{"start":{"line":17,"column":22},"end":{"line":17,"column":27}},"loc":{"start":{"line":17,"column":44},"end":{"line":29,"column":1}},"line":17}},"branchMap":{},"s":{"0":12,"1":12,"2":12,"3":0,"4":11,"5":11,"6":11,"7":0},"f":{"0":12,"1":11},"b":{},"_coverageSchema":"1a1c01bbd47fc00a2c39e90264f33305004495a9","hash":"f6eb734f055e6e67319820c93089f5bb7fb5a4cd"}
,"C:\\Users\\aliro\\digital-chaos-index\\src\\controllers\\dashboard.controller.js": {"path":"C:\\Users\\aliro\\digital-chaos-index\\src\\controllers\\dashboard.controller.js","statementMap":{"0":{"start":{"line":4,"column":2},"end":{"line":7,"column":30}},"1":{"start":{"line":5,"column":17},"end":{"line":5,"column":52}},"2":{"start":{"line":6,"column":4},"end":{"line":6,"column":57}},"3":{"start":{"line":7,"column":18},"end":{"line":7,"column":28}},"4":{"start":{"line":11,"column":2},"end":{"line":14,"column":30}},"5":{"start":{"line":12,"column":17},"end":{"line":12,"column":48}},"6":{"start":{"line":13,"column":4},"end":{"line":13,"column":60}},"7":{"start":{"line":14,"column":18},"end":{"line":14,"column":28}},"8":{"start":{"line":18,"column":2},"end":{"line":21,"column":30}},"9":{"start":{"line":19,"column":17},"end":{"line":19,"column":50}},"10":{"start":{"line":20,"column":4},"end":{"line":20,"column":57}},"11":{"start":{"line":21,"column":18},"end":{"line":21,"column":28}}},"fnMap":{"0":{"name":"today","decl":{"start":{"line":3,"column":22},"end":{"line":3,"column":27}},"loc":{"start":{"line":3,"column":44},"end":{"line":8,"column":1}},"line":3},"1":{"name":"week","decl":{"start":{"line":10,"column":22},"end":{"line":10,"column":26}},"loc":{"start":{"line":10,"column":43},"end":{"line":15,"column":1}},"line":10},"2":{"name":"stats","decl":{"start":{"line":17,"column":22},"end":{"line":17,"column":27}},"loc":{"start":{"line":17,"column":44},"end":{"line":22,"column":1}},"line":17}},"branchMap":{},"s":{"0":2,"1":2,"2":2,"3":0,"4":2,"5":2,"6":2,"7":0,"8":2,"9":2,"10":2,"11":0},"f":{"0":2,"1":2,"2":2},"b":{},"_coverageSchema":"1a1c01bbd47fc00a2c39e90264f33305004495a9","hash":"a2906e8d9e8f3410ca478813a74d10be57bee958"}
,"C:\\Users\\aliro\\digital-chaos-index\\src\\controllers\\snapshot.controller.js": {"path":"C:\\Users\\aliro\\digital-chaos-index\\src\\controllers\\snapshot.controller.js","statementMap":{"0":{"start":{"line":11,"column":2},"end":{"line":23,"column":3}},"1":{"start":{"line":12,"column":21},"end":{"line":12,"column":64}},"2":{"start":{"line":13,"column":4},"end":{"line":15,"column":74}},"3":{"start":{"line":17,"column":4},"end":{"line":21,"column":5}},"4":{"start":{"line":18,"column":6},"end":{"line":20,"column":84}},"5":{"start":{"line":22,"column":4},"end":{"line":22,"column":14}},"6":{"start":{"line":27,"column":2},"end":{"line":34,"column":3}},"7":{"start":{"line":29,"column":18},"end":{"line":29,"column":49}},"8":{"start":{"line":30,"column":17},"end":{"line":30,"column":60}},"9":{"start":{"line":31,"column":4},"end":{"line":31,"column":60}},"10":{"start":{"line":33,"column":4},"end":{"line":33,"column":14}},"11":{"start":{"line":38,"column":2},"end":{"line":45,"column":3}},"12":{"start":{"line":39,"column":21},"end":{"line":39,"column":70}},"13":{"start":{"line":40,"column":4},"end":{"line":41,"column":76}},"14":{"start":{"line":41,"column":6},"end":{"line":41,"column":76}},"15":{"start":{"line":42,"column":4},"end":{"line":42,"column":67}},"16":{"start":{"line":44,"column":4},"end":{"line":44,"column":14}},"17":{"start":{"line":49,"column":2},"end":{"line":63,"column":3}},"18":{"start":{"line":50,"column":20},"end":{"line":50,"column":78}},"19":{"start":{"line":51,"column":4},"end":{"line":52,"column":76}},"20":{"start":{"line":52,"column":6},"end":{"line":52,"column":76}},"21":{"start":{"line":53,"column":4},"end":{"line":55,"column":75}},"22":{"start":{"line":57,"column":4},"end":{"line":61,"column":5}},"23":{"start":{"line":58,"column":6},"end":{"line":60,"column":87}},"24":{"start":{"line":62,"column":4},"end":{"line":62,"column":14}},"25":{"start":{"line":67,"column":2},"end":{"line":76,"column":3}},"26":{"start":{"line":68,"column":20},"end":{"line":68,"column":68}},"27":{"start":{"line":69,"column":4},"end":{"line":70,"column":76}},"28":{"start":{"line":70,"column":6},"end":{"line":70,"column":76}},"29":{"start":{"line":71,"column":4},"end":{"line":73,"column":60}},"30":{"start":{"line":75,"column":4},"end":{"line":75,"column":14}}},"fnMap":{"0":{"name":"addSnapshot","decl":{"start":{"line":10,"column":22},"end":{"line":10,"column":33}},"loc":{"start":{"line":10,"column":50},"end":{"line":24,"column":1}},"line":10},"1":{"name":"listSnapshots","decl":{"start":{"line":26,"column":22},"end":{"line":26,"column":35}},"loc":{"start":{"line":26,"column":52},"end":{"line":35,"column":1}},"line":26},"2":{"name":"getOneSnapshot","decl":{"start":{"line":37,"column":22},"end":{"line":37,"column":36}},"loc":{"start":{"line":37,"column":53},"end":{"line":46,"column":1}},"line":37},"3":{"name":"updateSnapshotCtrl","decl":{"start":{"line":48,"column":22},"end":{"line":48,"column":40}},"loc":{"start":{"line":48,"column":57},"end":{"line":64,"column":1}},"line":48},"4":{"name":"deleteSnapshotCtrl","decl":{"start":{"line":66,"column":22},"end":{"line":66,"column":40}},"loc":{"start":{"line":66,"column":57},"end":{"line":77,"column":1}},"line":66}},"branchMap":{"0":{"loc":{"start":{"line":17,"column":4},"end":{"line":21,"column":5}},"type":"if","locations":[{"start":{"line":17,"column":4},"end":{"line":21,"column":5}},{"start":{},"end":{}}],"line":17},"1":{"loc":{"start":{"line":29,"column":18},"end":{"line":29,"column":49}},"type":"binary-expr","locations":[{"start":{"line":29,"column":18},"end":{"line":29,"column":36}},{"start":{"line":29,"column":40},"end":{"line":29,"column":49}}],"line":29},"2":{"loc":{"start":{"line":40,"column":4},"end":{"line":41,"column":76}},"type":"if","locations":[{"start":{"line":40,"column":4},"end":{"line":41,"column":76}},{"start":{},"end":{}}],"line":40},"3":{"loc":{"start":{"line":51,"column":4},"end":{"line":52,"column":76}},"type":"if","locations":[{"start":{"line":51,"column":4},"end":{"line":52,"column":76}},{"start":{},"end":{}}],"line":51},"4":{"loc":{"start":{"line":57,"column":4},"end":{"line":61,"column":5}},"type":"if","locations":[{"start":{"line":57,"column":4},"end":{"line":61,"column":5}},{"start":{},"end":{}}],"line":57},"5":{"loc":{"start":{"line":69,"column":4},"end":{"line":70,"column":76}},"type":"if","locations":[{"start":{"line":69,"column":4},"end":{"line":70,"column":76}},{"start":{},"end":{}}],"line":69}},"s":{"0":12,"1":12,"2":11,"3":1,"4":1,"5":0,"6":2,"7":2,"8":2,"9":2,"10":0,"11":1,"12":1,"13":0,"14":0,"15":0,"16":1,"17":2,"18":2,"19":1,"20":0,"21":1,"22":1,"23":1,"24":0,"25":0,"26":0,"27":0,"28":0,"29":0,"30":0},"f":{"0":12,"1":2,"2":1,"3":2,"4":0},"b":{"0":[1,0],"1":[2,0],"2":[0,0],"3":[0,1],"4":[1,0],"5":[0,0]},"_coverageSchema":"1a1c01bbd47fc00a2c39e90264f33305004495a9","hash":"46037abfaf184763e717913f54912668e098ebb6"}
,"C:\\Users\\aliro\\digital-chaos-index\\src\\middleware\\auth.middleware.js": {"path":"C:\\Users\\aliro\\digital-chaos-index\\src\\middleware\\auth.middleware.js","statementMap":{"0":{"start":{"line":4,"column":21},"end":{"line":4,"column":46}},"1":{"start":{"line":6,"column":2},"end":{"line":11,"column":3}},"2":{"start":{"line":7,"column":4},"end":{"line":10,"column":7}},"3":{"start":{"line":13,"column":16},"end":{"line":13,"column":40}},"4":{"start":{"line":15,"column":2},"end":{"line":24,"column":3}},"5":{"start":{"line":16,"column":20},"end":{"line":16,"column":38}},"6":{"start":{"line":17,"column":4},"end":{"line":17,"column":38}},"7":{"start":{"line":18,"column":4},"end":{"line":18,"column":11}},"8":{"start":{"line":20,"column":4},"end":{"line":23,"column":7}}},"fnMap":{"0":{"name":"authMiddleware","decl":{"start":{"line":3,"column":24},"end":{"line":3,"column":38}},"loc":{"start":{"line":3,"column":55},"end":{"line":25,"column":1}},"line":3}},"branchMap":{"0":{"loc":{"start":{"line":6,"column":2},"end":{"line":11,"column":3}},"type":"if","locations":[{"start":{"line":6,"column":2},"end":{"line":11,"column":3}},{"start":{},"end":{}}],"line":6}},"s":{"0":26,"1":26,"2":1,"3":25,"4":25,"5":25,"6":24,"7":24,"8":1},"f":{"0":26},"b":{"0":[1,25]},"_coverageSchema":"1a1c01bbd47fc00a2c39e90264f33305004495a9","hash":"7d3c64e3a836705c5c04d82e37466f73f0ddf2cd"}
,"C:\\Users\\aliro\\digital-chaos-index\\src\\middleware\\error.middleware.js": {"path":"C:\\Users\\aliro\\digital-chaos-index\\src\\middleware\\error.middleware.js","statementMap":{"0":{"start":{"line":2,"column":2},"end":{"line":2,"column":33}},"1":{"start":{"line":4,"column":17},"end":{"line":4,"column":34}},"2":{"start":{"line":6,"column":2},"end":{"line":10,"column":5}}},"fnMap":{"0":{"name":"errorHandler","decl":{"start":{"line":1,"column":24},"end":{"line":1,"column":36}},"loc":{"start":{"line":1,"column":58},"end":{"line":11,"column":1}},"line":1}},"branchMap":{"0":{"loc":{"start":{"line":4,"column":17},"end":{"line":4,"column":34}},"type":"binary-expr","locations":[{"start":{"line":4,"column":17},"end":{"line":4,"column":27}},{"start":{"line":4,"column":31},"end":{"line":4,"column":34}}],"line":4},"1":{"loc":{"start":{"line":8,"column":13},"end":{"line":8,"column":51}},"type":"binary-expr","locations":[{"start":{"line":8,"column":13},"end":{"line":8,"column":24}},{"start":{"line":8,"column":28},"end":{"line":8,"column":51}}],"line":8},"2":{"loc":{"start":{"line":9,"column":11},"end":{"line":9,"column":67}},"type":"cond-expr","locations":[{"start":{"line":9,"column":52},"end":{"line":9,"column":55}},{"start":{"line":9,"column":58},"end":{"line":9,"column":67}}],"line":9}},"s":{"0":1,"1":1,"2":1},"f":{"0":1},"b":{"0":[1,1],"1":[1,0],"2":[0,1]},"_coverageSchema":"1a1c01bbd47fc00a2c39e90264f33305004495a9","hash":"a2ea2ff63b929947e447c915d6429e1336862e25"}
,"C:\\Users\\aliro\\digital-chaos-index\\src\\middleware\\validate.middleware.js": {"path":"C:\\Users\\aliro\\digital-chaos-index\\src\\middleware\\validate.middleware.js","statementMap":{"0":{"start":{"line":2,"column":2},"end":{"line":14,"column":4}},"1":{"start":{"line":3,"column":20},"end":{"line":3,"column":82}},"2":{"start":{"line":4,"column":29},"end":{"line":4,"column":63}},"3":{"start":{"line":5,"column":4},"end":{"line":11,"column":5}},"4":{"start":{"line":6,"column":6},"end":{"line":10,"column":9}},"5":{"start":{"line":9,"column":40},"end":{"line":9,"column":49}},"6":{"start":{"line":12,"column":4},"end":{"line":12,"column":21}},"7":{"start":{"line":13,"column":4},"end":{"line":13,"column":11}}},"fnMap":{"0":{"name":"validate","decl":{"start":{"line":1,"column":24},"end":{"line":1,"column":32}},"loc":{"start":{"line":1,"column":41},"end":{"line":15,"column":1}},"line":1},"1":{"name":"(anonymous_1)","decl":{"start":{"line":2,"column":9},"end":{"line":2,"column":10}},"loc":{"start":{"line":2,"column":29},"end":{"line":14,"column":3}},"line":2},"2":{"name":"(anonymous_2)","decl":{"start":{"line":9,"column":35},"end":{"line":9,"column":36}},"loc":{"start":{"line":9,"column":40},"end":{"line":9,"column":49}},"line":9}},"branchMap":{"0":{"loc":{"start":{"line":5,"column":4},"end":{"line":11,"column":5}},"type":"if","locations":[{"start":{"line":5,"column":4},"end":{"line":11,"column":5}},{"start":{},"end":{}}],"line":5}},"s":{"0":36,"1":37,"2":37,"3":37,"4":0,"5":0,"6":37,"7":37},"f":{"0":36,"1":37,"2":0},"b":{"0":[0,37]},"_coverageSchema":"1a1c01bbd47fc00a2c39e90264f33305004495a9","hash":"9322e566692357f2b24ef76a023a9d0af571e39a"}
,"C:\\Users\\aliro\\digital-chaos-index\\src\\middleware\\validateQuery.middleware.js": {"path":"C:\\Users\\aliro\\digital-chaos-index\\src\\middleware\\validateQuery.middleware.js","statementMap":{"0":{"start":{"line":2,"column":2},"end":{"line":21,"column":4}},"1":{"start":{"line":3,"column":29},"end":{"line":7,"column":6}},"2":{"start":{"line":9,"column":4},"end":{"line":15,"column":5}},"3":{"start":{"line":10,"column":6},"end":{"line":14,"column":9}},"4":{"start":{"line":13,"column":42},"end":{"line":13,"column":51}},"5":{"start":{"line":19,"column":4},"end":{"line":19,"column":31}},"6":{"start":{"line":20,"column":4},"end":{"line":20,"column":11}}},"fnMap":{"0":{"name":"validateQuery","decl":{"start":{"line":1,"column":24},"end":{"line":1,"column":37}},"loc":{"start":{"line":1,"column":46},"end":{"line":22,"column":1}},"line":1},"1":{"name":"(anonymous_1)","decl":{"start":{"line":2,"column":9},"end":{"line":2,"column":10}},"loc":{"start":{"line":2,"column":29},"end":{"line":21,"column":3}},"line":2},"2":{"name":"(anonymous_2)","decl":{"start":{"line":13,"column":35},"end":{"line":13,"column":36}},"loc":{"start":{"line":13,"column":42},"end":{"line":13,"column":51}},"line":13}},"branchMap":{"0":{"loc":{"start":{"line":9,"column":4},"end":{"line":15,"column":5}},"type":"if","locations":[{"start":{"line":9,"column":4},"end":{"line":15,"column":5}},{"start":{},"end":{}}],"line":9}},"s":{"0":9,"1":3,"2":3,"3":1,"4":1,"5":2,"6":2},"f":{"0":9,"1":3,"2":1},"b":{"0":[1,2]},"_coverageSchema":"1a1c01bbd47fc00a2c39e90264f33305004495a9","hash":"e373e5c114d356ce4c9b9074bb6a738b4ca93278"}
,"C:\\Users\\aliro\\digital-chaos-index\\src\\models\\Snapshot.model.js": {"path":"C:\\Users\\aliro\\digital-chaos-index\\src\\models\\Snapshot.model.js","statementMap":{"0":{"start":{"line":3,"column":23},"end":{"line":32,"column":1}},"1":{"start":{"line":35,"column":0},"end":{"line":35,"column":65}},"2":{"start":{"line":37,"column":17},"end":{"line":37,"column":59}}},"fnMap":{},"branchMap":{},"s":{"0":9,"1":9,"2":9},"f":{},"b":{},"_coverageSchema":"1a1c01bbd47fc00a2c39e90264f33305004495a9","hash":"8231e21be76e9142f507c8c03020031690cb0171"}
,"C:\\Users\\aliro\\digital-chaos-index\\src\\models\\User.model.js": {"path":"C:\\Users\\aliro\\digital-chaos-index\\src\\models\\User.model.js","statementMap":{"0":{"start":{"line":3,"column":19},"end":{"line":26,"column":1}},"1":{"start":{"line":28,"column":13},"end":{"line":28,"column":47}}},"fnMap":{},"branchMap":{},"s":{"0":9,"1":9},"f":{},"b":{},"_coverageSchema":"1a1c01bbd47fc00a2c39e90264f33305004495a9","hash":"1a70083798752879783816a0526477b8ed728782"}
,"C:\\Users\\aliro\\digital-chaos-index\\src\\routes\\auth.routes.js": {"path":"C:\\Users\\aliro\\digital-chaos-index\\src\\routes\\auth.routes.js","statementMap":{"0":{"start":{"line":6,"column":15},"end":{"line":6,"column":31}},"1":{"start":{"line":35,"column":0},"end":{"line":35,"column":61}},"2":{"start":{"line":57,"column":0},"end":{"line":57,"column":52}}},"fnMap":{},"branchMap":{},"s":{"0":9,"1":9,"2":9},"f":{},"b":{},"_coverageSchema":"1a1c01bbd47fc00a2c39e90264f33305004495a9","hash":"903cbca13c0945f5f33085a1448913a08e78a4b3"}
,"C:\\Users\\aliro\\digital-chaos-index\\src\\routes\\dashboard.routes.js": {"path":"C:\\Users\\aliro\\digital-chaos-index\\src\\routes\\dashboard.routes.js","statementMap":{"0":{"start":{"line":5,"column":15},"end":{"line":5,"column":31}},"1":{"start":{"line":26,"column":0},"end":{"line":26,"column":34}},"2":{"start":{"line":84,"column":0},"end":{"line":84,"column":32}},"3":{"start":{"line":146,"column":0},"end":{"line":146,"column":34}}},"fnMap":{},"branchMap":{},"s":{"0":9,"1":9,"2":9,"3":9},"f":{},"b":{},"_coverageSchema":"1a1c01bbd47fc00a2c39e90264f33305004495a9","hash":"cd49d7f741522d050266c1099114d413c008176a"}
,"C:\\Users\\aliro\\digital-chaos-index\\src\\routes\\index.js": {"path":"C:\\Users\\aliro\\digital-chaos-index\\src\\routes\\index.js","statementMap":{"0":{"start":{"line":8,"column":15},"end":{"line":8,"column":31}},"1":{"start":{"line":10,"column":0},"end":{"line":12,"column":3}},"2":{"start":{"line":11,"column":2},"end":{"line":11,"column":61}},"3":{"start":{"line":14,"column":0},"end":{"line":14,"column":32}},"4":{"start":{"line":15,"column":0},"end":{"line":15,"column":41}},"5":{"start":{"line":16,"column":0},"end":{"line":16,"column":42}}},"fnMap":{"0":{"name":"(anonymous_0)","decl":{"start":{"line":10,"column":16},"end":{"line":10,"column":17}},"loc":{"start":{"line":10,"column":30},"end":{"line":12,"column":1}},"line":10}},"branchMap":{},"s":{"0":9,"1":9,"2":0,"3":9,"4":9,"5":9},"f":{"0":0},"b":{},"_coverageSchema":"1a1c01bbd47fc00a2c39e90264f33305004495a9","hash":"c51f27d3bdd17bdb502a3c2ba5ad20a17c8f2828"}
,"C:\\Users\\aliro\\digital-chaos-index\\src\\routes\\snapshot.routes.js": {"path":"C:\\Users\\aliro\\digital-chaos-index\\src\\routes\\snapshot.routes.js","statementMap":{"0":{"start":{"line":19,"column":15},"end":{"line":19,"column":31}},"1":{"start":{"line":51,"column":0},"end":{"line":51,"column":62}},"2":{"start":{"line":88,"column":0},"end":{"line":93,"column":2}},"3":{"start":{"line":116,"column":0},"end":{"line":116,"column":41}},"4":{"start":{"line":147,"column":0},"end":{"line":147,"column":79}},"5":{"start":{"line":170,"column":0},"end":{"line":170,"column":48}}},"fnMap":{},"branchMap":{},"s":{"0":9,"1":9,"2":9,"3":9,"4":9,"5":9},"f":{},"b":{},"_coverageSchema":"1a1c01bbd47fc00a2c39e90264f33305004495a9","hash":"3f7ac4b579fe88ac24bf1493acdcfbfa9751fb0f"}
,"C:\\Users\\aliro\\digital-chaos-index\\src\\services\\auth.service.js": {"path":"C:\\Users\\aliro\\digital-chaos-index\\src\\services\\auth.service.js","statementMap":{"0":{"start":{"line":6,"column":14},"end":{"line":6,"column":32}},"1":{"start":{"line":7,"column":2},"end":{"line":7,"column":22}},"2":{"start":{"line":8,"column":2},"end":{"line":8,"column":13}},"3":{"start":{"line":12,"column":2},"end":{"line":14,"column":3}},"4":{"start":{"line":13,"column":4},"end":{"line":13,"column":68}},"5":{"start":{"line":16,"column":19},"end":{"line":16,"column":48}},"6":{"start":{"line":17,"column":2},"end":{"line":19,"column":3}},"7":{"start":{"line":18,"column":4},"end":{"line":18,"column":50}},"8":{"start":{"line":21,"column":17},"end":{"line":21,"column":48}},"9":{"start":{"line":23,"column":15},"end":{"line":27,"column":4}},"10":{"start":{"line":29,"column":16},"end":{"line":29,"column":53}},"11":{"start":{"line":31,"column":19},"end":{"line":35,"column":3}},"12":{"start":{"line":37,"column":2},"end":{"line":37,"column":35}},"13":{"start":{"line":41,"column":2},"end":{"line":43,"column":3}},"14":{"start":{"line":42,"column":4},"end":{"line":42,"column":62}},"15":{"start":{"line":45,"column":15},"end":{"line":45,"column":44}},"16":{"start":{"line":46,"column":2},"end":{"line":48,"column":3}},"17":{"start":{"line":47,"column":4},"end":{"line":47,"column":50}},"18":{"start":{"line":50,"column":18},"end":{"line":50,"column":63}},"19":{"start":{"line":51,"column":2},"end":{"line":53,"column":3}},"20":{"start":{"line":52,"column":4},"end":{"line":52,"column":50}},"21":{"start":{"line":55,"column":16},"end":{"line":55,"column":53}},"22":{"start":{"line":57,"column":19},"end":{"line":61,"column":3}},"23":{"start":{"line":63,"column":2},"end":{"line":63,"column":35}}},"fnMap":{"0":{"name":"createError","decl":{"start":{"line":5,"column":9},"end":{"line":5,"column":20}},"loc":{"start":{"line":5,"column":44},"end":{"line":9,"column":1}},"line":5},"1":{"name":"registerUser","decl":{"start":{"line":11,"column":22},"end":{"line":11,"column":34}},"loc":{"start":{"line":11,"column":62},"end":{"line":38,"column":1}},"line":11},"2":{"name":"loginUser","decl":{"start":{"line":40,"column":22},"end":{"line":40,"column":31}},"loc":{"start":{"line":40,"column":53},"end":{"line":64,"column":1}},"line":40}},"branchMap":{"0":{"loc":{"start":{"line":5,"column":30},"end":{"line":5,"column":42}},"type":"default-arg","locations":[{"start":{"line":5,"column":39},"end":{"line":5,"column":42}}],"line":5},"1":{"loc":{"start":{"line":12,"column":2},"end":{"line":14,"column":3}},"type":"if","locations":[{"start":{"line":12,"column":2},"end":{"line":14,"column":3}},{"start":{},"end":{}}],"line":12},"2":{"loc":{"start":{"line":12,"column":6},"end":{"line":12,"column":34}},"type":"binary-expr","locations":[{"start":{"line":12,"column":6},"end":{"line":12,"column":11}},{"start":{"line":12,"column":15},"end":{"line":12,"column":21}},{"start":{"line":12,"column":25},"end":{"line":12,"column":34}}],"line":12},"3":{"loc":{"start":{"line":17,"column":2},"end":{"line":19,"column":3}},"type":"if","locations":[{"start":{"line":17,"column":2},"end":{"line":19,"column":3}},{"start":{},"end":{}}],"line":17},"4":{"loc":{"start":{"line":41,"column":2},"end":{"line":43,"column":3}},"type":"if","locations":[{"start":{"line":41,"column":2},"end":{"line":43,"column":3}},{"start":{},"end":{}}],"line":41},"5":{"loc":{"start":{"line":41,"column":6},"end":{"line":41,"column":25}},"type":"binary-expr","locations":[{"start":{"line":41,"column":6},"end":{"line":41,"column":12}},{"start":{"line":41,"column":16},"end":{"line":41,"column":25}}],"line":41},"6":{"loc":{"start":{"line":46,"column":2},"end":{"line":48,"column":3}},"type":"if","locations":[{"start":{"line":46,"column":2},"end":{"line":48,"column":3}},{"start":{},"end":{}}],"line":46},"7":{"loc":{"start":{"line":51,"column":2},"end":{"line":53,"column":3}},"type":"if","locations":[{"start":{"line":51,"column":2},"end":{"line":53,"column":3}},{"start":{},"end":{}}],"line":51}},"s":{"0":0,"1":0,"2":0,"3":12,"4":0,"5":12,"6":12,"7":0,"8":12,"9":12,"10":12,"11":12,"12":12,"13":11,"14":0,"15":11,"16":11,"17":0,"18":11,"19":11,"20":0,"21":11,"22":11,"23":11},"f":{"0":0,"1":12,"2":11},"b":{"0":[0],"1":[0,12],"2":[12,12,12],"3":[0,12],"4":[0,11],"5":[11,11],"6":[0,11],"7":[0,11]},"_coverageSchema":"1a1c01bbd47fc00a2c39e90264f33305004495a9","hash":"748e44eb4e38a3c1411d0c7f359d470eab4e1ec9"}
,"C:\\Users\\aliro\\digital-chaos-index\\src\\services\\dashboard.service.js": {"path":"C:\\Users\\aliro\\digital-chaos-index\\src\\services\\dashboard.service.js","statementMap":{"0":{"start":{"line":6,"column":2},"end":{"line":8,"column":12}},"1":{"start":{"line":13,"column":14},"end":{"line":13,"column":24}},"2":{"start":{"line":14,"column":23},"end":{"line":14,"column":33}},"3":{"start":{"line":15,"column":2},"end":{"line":15,"column":42}},"4":{"start":{"line":18,"column":15},"end":{"line":37,"column":4}},"5":{"start":{"line":40,"column":20},"end":{"line":43,"column":32}},"6":{"start":{"line":45,"column":17},"end":{"line":45,"column":49}},"7":{"start":{"line":45,"column":36},"end":{"line":45,"column":48}},"8":{"start":{"line":46,"column":18},"end":{"line":53,"column":42}},"9":{"start":{"line":48,"column":42},"end":{"line":48,"column":45}},"10":{"start":{"line":55,"column":2},"end":{"line":55,"column":34}},"11":{"start":{"line":60,"column":18},"end":{"line":71,"column":4}},"12":{"start":{"line":73,"column":14},"end":{"line":73,"column":69}},"13":{"start":{"line":74,"column":14},"end":{"line":74,"column":34}},"14":{"start":{"line":75,"column":14},"end":{"line":75,"column":34}},"15":{"start":{"line":76,"column":16},"end":{"line":76,"column":38}},"16":{"start":{"line":79,"column":15},"end":{"line":79,"column":89}},"17":{"start":{"line":80,"column":16},"end":{"line":80,"column":92}},"18":{"start":{"line":82,"column":2},"end":{"line":86,"column":4}}},"fnMap":{"0":{"name":"getTodaySnapshot","decl":{"start":{"line":5,"column":22},"end":{"line":5,"column":38}},"loc":{"start":{"line":5,"column":47},"end":{"line":9,"column":1}},"line":5},"1":{"name":"getWeekTrend","decl":{"start":{"line":12,"column":22},"end":{"line":12,"column":34}},"loc":{"start":{"line":12,"column":43},"end":{"line":56,"column":1}},"line":12},"2":{"name":"(anonymous_2)","decl":{"start":{"line":45,"column":31},"end":{"line":45,"column":32}},"loc":{"start":{"line":45,"column":36},"end":{"line":45,"column":48}},"line":45},"3":{"name":"(anonymous_3)","decl":{"start":{"line":48,"column":35},"end":{"line":48,"column":36}},"loc":{"start":{"line":48,"column":42},"end":{"line":48,"column":45}},"line":48},"4":{"name":"getGlobalStats","decl":{"start":{"line":59,"column":22},"end":{"line":59,"column":36}},"loc":{"start":{"line":59,"column":45},"end":{"line":87,"column":1}},"line":59}},"branchMap":{"0":{"loc":{"start":{"line":46,"column":18},"end":{"line":53,"column":42}},"type":"cond-expr","locations":[{"start":{"line":47,"column":6},"end":{"line":52,"column":7}},{"start":{"line":53,"column":6},"end":{"line":53,"column":42}}],"line":46},"1":{"loc":{"start":{"line":73,"column":14},"end":{"line":73,"column":69}},"type":"cond-expr","locations":[{"start":{"line":73,"column":32},"end":{"line":73,"column":65}},{"start":{"line":73,"column":68},"end":{"line":73,"column":69}}],"line":73},"2":{"loc":{"start":{"line":74,"column":14},"end":{"line":74,"column":34}},"type":"binary-expr","locations":[{"start":{"line":74,"column":14},"end":{"line":74,"column":29}},{"start":{"line":74,"column":33},"end":{"line":74,"column":34}}],"line":74},"3":{"loc":{"start":{"line":75,"column":14},"end":{"line":75,"column":34}},"type":"binary-expr","locations":[{"start":{"line":75,"column":14},"end":{"line":75,"column":29}},{"start":{"line":75,"column":33},"end":{"line":75,"column":34}}],"line":75},"4":{"loc":{"start":{"line":76,"column":16},"end":{"line":76,"column":38}},"type":"binary-expr","locations":[{"start":{"line":76,"column":16},"end":{"line":76,"column":33}},{"start":{"line":76,"column":37},"end":{"line":76,"column":38}}],"line":76},"5":{"loc":{"start":{"line":84,"column":13},"end":{"line":84,"column":84}},"type":"cond-expr","locations":[{"start":{"line":84,"column":20},"end":{"line":84,"column":77}},{"start":{"line":84,"column":80},"end":{"line":84,"column":84}}],"line":84},"6":{"loc":{"start":{"line":85,"column":14},"end":{"line":85,"column":89}},"type":"cond-expr","locations":[{"start":{"line":85,"column":22},"end":{"line":85,"column":82}},{"start":{"line":85,"column":85},"end":{"line":85,"column":89}}],"line":85}},"s":{"0":2,"1":2,"2":2,"3":2,"4":2,"5":2,"6":2,"7":0,"8":2,"9":0,"10":2,"11":2,"12":2,"13":2,"14":2,"15":2,"16":2,"17":2,"18":2},"f":{"0":2,"1":2,"2":0,"3":0,"4":2},"b":{"0":[0,2],"1":[1,1],"2":[2,1],"3":[2,1],"4":[2,1],"5":[1,1],"6":[1,1]},"_coverageSchema":"1a1c01bbd47fc00a2c39e90264f33305004495a9","hash":"6a60f0488a9923029529ddd3f5fd8064b5b0b3de"}
,"C:\\Users\\aliro\\digital-chaos-index\\src\\services\\snapshot.service.js": {"path":"C:\\Users\\aliro\\digital-chaos-index\\src\\services\\snapshot.service.js","statementMap":{"0":{"start":{"line":6,"column":12},"end":{"line":6,"column":27}},"1":{"start":{"line":7,"column":12},"end":{"line":7,"column":53}},"2":{"start":{"line":8,"column":14},"end":{"line":8,"column":50}},"3":{"start":{"line":9,"column":2},"end":{"line":9,"column":28}},"4":{"start":{"line":13,"column":28},"end":{"line":13,"column":72}},"5":{"start":{"line":15,"column":14},"end":{"line":15,"column":43}},"6":{"start":{"line":16,"column":16},"end":{"line":16,"column":38}},"7":{"start":{"line":17,"column":2},"end":{"line":17,"column":74}},"8":{"start":{"line":22,"column":14},"end":{"line":22,"column":58}},"9":{"start":{"line":23,"column":21},"end":{"line":23,"column":46}},"10":{"start":{"line":25,"column":19},"end":{"line":31,"column":4}},"11":{"start":{"line":33,"column":2},"end":{"line":33,"column":18}},"12":{"start":{"line":38,"column":2},"end":{"line":38,"column":59}},"13":{"start":{"line":46,"column":18},"end":{"line":46,"column":48}},"14":{"start":{"line":47,"column":19},"end":{"line":47,"column":66}},"15":{"start":{"line":48,"column":18},"end":{"line":48,"column":33}},"16":{"start":{"line":50,"column":16},"end":{"line":50,"column":26}},"17":{"start":{"line":52,"column":25},"end":{"line":58,"column":4}},"18":{"start":{"line":60,"column":2},"end":{"line":67,"column":4}},"19":{"start":{"line":72,"column":2},"end":{"line":72,"column":47}},"20":{"start":{"line":77,"column":16},"end":{"line":77,"column":27}},"21":{"start":{"line":80,"column":2},"end":{"line":84,"column":3}},"22":{"start":{"line":81,"column":15},"end":{"line":81,"column":34}},"23":{"start":{"line":82,"column":4},"end":{"line":82,"column":20}},"24":{"start":{"line":83,"column":4},"end":{"line":83,"column":32}},"25":{"start":{"line":87,"column":22},"end":{"line":96,"column":3}},"26":{"start":{"line":97,"column":2},"end":{"line":102,"column":3}},"27":{"start":{"line":97,"column":30},"end":{"line":97,"column":40}},"28":{"start":{"line":98,"column":20},"end":{"line":98,"column":70}},"29":{"start":{"line":99,"column":4},"end":{"line":99,"column":30}},"30":{"start":{"line":99,"column":18},"end":{"line":99,"column":30}},"31":{"start":{"line":100,"column":19},"end":{"line":100,"column":43}},"32":{"start":{"line":101,"column":4},"end":{"line":101,"column":51}},"33":{"start":{"line":104,"column":2},"end":{"line":108,"column":4}},"34":{"start":{"line":113,"column":2},"end":{"line":113,"column":56}}},"fnMap":{"0":{"name":"toDayKey","decl":{"start":{"line":5,"column":9},"end":{"line":5,"column":17}},"loc":{"start":{"line":5,"column":34},"end":{"line":10,"column":1}},"line":5},"1":{"name":"buildSort","decl":{"start":{"line":14,"column":9},"end":{"line":14,"column":18}},"loc":{"start":{"line":14,"column":35},"end":{"line":18,"column":1}},"line":14},"2":{"name":"createSnapshot","decl":{"start":{"line":21,"column":22},"end":{"line":21,"column":36}},"loc":{"start":{"line":21,"column":51},"end":{"line":34,"column":1}},"line":21},"3":{"name":"getSnapshots","decl":{"start":{"line":37,"column":22},"end":{"line":37,"column":34}},"loc":{"start":{"line":37,"column":43},"end":{"line":39,"column":1}},"line":37},"4":{"name":"getSnapshotsPaged","decl":{"start":{"line":42,"column":22},"end":{"line":42,"column":39}},"loc":{"start":{"line":45,"column":2},"end":{"line":68,"column":1}},"line":45},"5":{"name":"getSnapshotById","decl":{"start":{"line":71,"column":22},"end":{"line":71,"column":37}},"loc":{"start":{"line":71,"column":50},"end":{"line":73,"column":1}},"line":71},"6":{"name":"updateSnapshot","decl":{"start":{"line":76,"column":22},"end":{"line":76,"column":36}},"loc":{"start":{"line":76,"column":55},"end":{"line":109,"column":1}},"line":76},"7":{"name":"(anonymous_7)","decl":{"start":{"line":97,"column":23},"end":{"line":97,"column":24}},"loc":{"start":{"line":97,"column":30},"end":{"line":97,"column":40}},"line":97},"8":{"name":"deleteSnapshot","decl":{"start":{"line":112,"column":22},"end":{"line":112,"column":36}},"loc":{"start":{"line":112,"column":49},"end":{"line":114,"column":1}},"line":112}},"branchMap":{"0":{"loc":{"start":{"line":5,"column":18},"end":{"line":5,"column":32}},"type":"default-arg","locations":[{"start":{"line":5,"column":22},"end":{"line":5,"column":32}}],"line":5},"1":{"loc":{"start":{"line":14,"column":19},"end":{"line":14,"column":33}},"type":"default-arg","locations":[{"start":{"line":14,"column":26},"end":{"line":14,"column":33}}],"line":14},"2":{"loc":{"start":{"line":15,"column":14},"end":{"line":15,"column":43}},"type":"cond-expr","locations":[{"start":{"line":15,"column":37},"end":{"line":15,"column":39}},{"start":{"line":15,"column":42},"end":{"line":15,"column":43}}],"line":15},"3":{"loc":{"start":{"line":17,"column":9},"end":{"line":17,"column":73}},"type":"cond-expr","locations":[{"start":{"line":17,"column":42},"end":{"line":17,"column":58}},{"start":{"line":17,"column":61},"end":{"line":17,"column":73}}],"line":17},"4":{"loc":{"start":{"line":22,"column":14},"end":{"line":22,"column":58}},"type":"cond-expr","locations":[{"start":{"line":22,"column":26},"end":{"line":22,"column":45}},{"start":{"line":22,"column":48},"end":{"line":22,"column":58}}],"line":22},"5":{"loc":{"start":{"line":44,"column":2},"end":{"line":44,"column":47}},"type":"default-arg","locations":[{"start":{"line":44,"column":45},"end":{"line":44,"column":47}}],"line":44},"6":{"loc":{"start":{"line":44,"column":4},"end":{"line":44,"column":12}},"type":"default-arg","locations":[{"start":{"line":44,"column":11},"end":{"line":44,"column":12}}],"line":44},"7":{"loc":{"start":{"line":44,"column":14},"end":{"line":44,"column":24}},"type":"default-arg","locations":[{"start":{"line":44,"column":22},"end":{"line":44,"column":24}}],"line":44},"8":{"loc":{"start":{"line":44,"column":26},"end":{"line":44,"column":40}},"type":"default-arg","locations":[{"start":{"line":44,"column":33},"end":{"line":44,"column":40}}],"line":44},"9":{"loc":{"start":{"line":46,"column":30},"end":{"line":46,"column":47}},"type":"binary-expr","locations":[{"start":{"line":46,"column":30},"end":{"line":46,"column":42}},{"start":{"line":46,"column":46},"end":{"line":46,"column":47}}],"line":46},"10":{"loc":{"start":{"line":47,"column":45},"end":{"line":47,"column":64}},"type":"binary-expr","locations":[{"start":{"line":47,"column":45},"end":{"line":47,"column":58}},{"start":{"line":47,"column":62},"end":{"line":47,"column":64}}],"line":47},"11":{"loc":{"start":{"line":64,"column":11},"end":{"line":64,"column":43}},"type":"binary-expr","locations":[{"start":{"line":64,"column":11},"end":{"line":64,"column":38}},{"start":{"line":64,"column":42},"end":{"line":64,"column":43}}],"line":64},"12":{"loc":{"start":{"line":66,"column":10},"end":{"line":66,"column":84}},"type":"cond-expr","locations":[{"start":{"line":66,"column":70},"end":{"line":66,"column":77}},{"start":{"line":66,"column":80},"end":{"line":66,"column":84}}],"line":66},"13":{"loc":{"start":{"line":66,"column":10},"end":{"line":66,"column":67}},"type":"binary-expr","locations":[{"start":{"line":66,"column":10},"end":{"line":66,"column":44}},{"start":{"line":66,"column":48},"end":{"line":66,"column":67}}],"line":66},"14":{"loc":{"start":{"line":80,"column":2},"end":{"line":84,"column":3}},"type":"if","locations":[{"start":{"line":80,"column":2},"end":{"line":84,"column":3}},{"start":{},"end":{}}],"line":80},"15":{"loc":{"start":{"line":97,"column":2},"end":{"line":102,"column":3}},"type":"if","locations":[{"start":{"line":97,"column":2},"end":{"line":102,"column":3}},{"start":{},"end":{}}],"line":97},"16":{"loc":{"start":{"line":99,"column":4},"end":{"line":99,"column":30}},"type":"if","locations":[{"start":{"line":99,"column":4},"end":{"line":99,"column":30}},{"start":{},"end":{}}],"line":99}},"s":{"0":13,"1":13,"2":13,"3":13,"4":9,"5":2,"6":2,"7":2,"8":12,"9":12,"10":12,"11":11,"12":0,"13":2,"14":2,"15":2,"16":2,"17":2,"18":2,"19":1,"20":2,"21":2,"22":1,"23":1,"24":1,"25":2,"26":2,"27":9,"28":1,"29":1,"30":0,"31":1,"32":1,"33":2,"34":0},"f":{"0":13,"1":2,"2":12,"3":0,"4":2,"5":1,"6":2,"7":9,"8":0},"b":{"0":[0],"1":[0],"2":[2,0],"3":[2,0],"4":[8,4],"5":[0],"6":[0],"7":[0],"8":[0],"9":[2,0],"10":[2,0],"11":[2,1],"12":[2,0],"13":[2,2],"14":[1,1],"15":[1,1],"16":[0,1]},"_coverageSchema":"1a1c01bbd47fc00a2c39e90264f33305004495a9","hash":"97e0a20ec098dfb98ed296a87a5db0c920d64606"}
,"C:\\Users\\aliro\\digital-chaos-index\\src\\tests\\helpers\\auth.js": {"path":"C:\\Users\\aliro\\digital-chaos-index\\src\\tests\\helpers\\auth.js","statementMap":{"0":{"start":{"line":5,"column":2},"end":{"line":9,"column":5}},"1":{"start":{"line":11,"column":14},"end":{"line":13,"column":40}},"2":{"start":{"line":15,"column":2},"end":{"line":15,"column":24}}},"fnMap":{"0":{"name":"getToken","decl":{"start":{"line":4,"column":22},"end":{"line":4,"column":30}},"loc":{"start":{"line":4,"column":58},"end":{"line":16,"column":1}},"line":4}},"branchMap":{"0":{"loc":{"start":{"line":4,"column":31},"end":{"line":4,"column":56}},"type":"default-arg","locations":[{"start":{"line":4,"column":39},"end":{"line":4,"column":56}}],"line":4}},"s":{"0":10,"1":10,"2":10},"f":{"0":10},"b":{"0":[8]},"_coverageSchema":"1a1c01bbd47fc00a2c39e90264f33305004495a9","hash":"fa76821945d2cb3cc28f71d9a5daf320c02e2d89"}
,"C:\\Users\\aliro\\digital-chaos-index\\src\\tests\\helpers\\factories.js": {"path":"C:\\Users\\aliro\\digital-chaos-index\\src\\tests\\helpers\\factories.js","statementMap":{"0":{"start":{"line":2,"column":2},"end":{"line":12,"column":4}}},"fnMap":{"0":{"name":"snapshotPayload","decl":{"start":{"line":1,"column":16},"end":{"line":1,"column":31}},"loc":{"start":{"line":1,"column":48},"end":{"line":13,"column":1}},"line":1}},"branchMap":{"0":{"loc":{"start":{"line":1,"column":32},"end":{"line":1,"column":46}},"type":"default-arg","locations":[{"start":{"line":1,"column":44},"end":{"line":1,"column":46}}],"line":1}},"s":{"0":12},"f":{"0":12},"b":{"0":[4]},"_coverageSchema":"1a1c01bbd47fc00a2c39e90264f33305004495a9","hash":"94c24f67233a21f16d2a5dd756e3fbc97d4b6013"}
,"C:\\Users\\aliro\\digital-chaos-index\\src\\utils\\chaosCalculator.js": {"path":"C:\\Users\\aliro\\digital-chaos-index\\src\\utils\\chaosCalculator.js","statementMap":{"0":{"start":{"line":2,"column":14},"end":{"line":2,"column":15}},"1":{"start":{"line":5,"column":2},"end":{"line":5,"column":32}},"2":{"start":{"line":6,"column":2},"end":{"line":6,"column":36}},"3":{"start":{"line":7,"column":2},"end":{"line":7,"column":32}},"4":{"start":{"line":8,"column":2},"end":{"line":8,"column":31}},"5":{"start":{"line":9,"column":2},"end":{"line":9,"column":33}},"6":{"start":{"line":10,"column":2},"end":{"line":10,"column":35}},"7":{"start":{"line":11,"column":2},"end":{"line":11,"column":33}},"8":{"start":{"line":12,"column":2},"end":{"line":12,"column":31}},"9":{"start":{"line":15,"column":2},"end":{"line":15,"column":31}},"10":{"start":{"line":15,"column":19},"end":{"line":15,"column":31}},"11":{"start":{"line":16,"column":2},"end":{"line":16,"column":27}},"12":{"start":{"line":16,"column":17},"end":{"line":16,"column":27}},"13":{"start":{"line":18,"column":2},"end":{"line":18,"column":15}}},"fnMap":{"0":{"name":"calculateChaosScore","decl":{"start":{"line":1,"column":16},"end":{"line":1,"column":35}},"loc":{"start":{"line":1,"column":42},"end":{"line":19,"column":1}},"line":1}},"branchMap":{"0":{"loc":{"start":{"line":15,"column":2},"end":{"line":15,"column":31}},"type":"if","locations":[{"start":{"line":15,"column":2},"end":{"line":15,"column":31}},{"start":{},"end":{}}],"line":15},"1":{"loc":{"start":{"line":16,"column":2},"end":{"line":16,"column":27}},"type":"if","locations":[{"start":{"line":16,"column":2},"end":{"line":16,"column":27}},{"start":{},"end":{}}],"line":16}},"s":{"0":15,"1":15,"2":15,"3":15,"4":15,"5":15,"6":15,"7":15,"8":15,"9":15,"10":13,"11":15,"12":0,"13":15},"f":{"0":15},"b":{"0":[13,2],"1":[0,15]},"_coverageSchema":"1a1c01bbd47fc00a2c39e90264f33305004495a9","hash":"3af7c710049df64179f602d35d38c3b64da8987c"}
,"C:\\Users\\aliro\\digital-chaos-index\\src\\utils\\validation.schemas.js": {"path":"C:\\Users\\aliro\\digital-chaos-index\\src\\utils\\validation.schemas.js","statementMap":{"0":{"start":{"line":4,"column":30},"end":{"line":8,"column":2}},"1":{"start":{"line":10,"column":27},"end":{"line":13,"column":2}},"2":{"start":{"line":15,"column":30},"end":{"line":26,"column":2}},"3":{"start":{"line":28,"column":36},"end":{"line":39,"column":9}},"4":{"start":{"line":42,"column":37},"end":{"line":49,"column":2}}},"fnMap":{},"branchMap":{},"s":{"0":9,"1":9,"2":9,"3":9,"4":9},"f":{},"b":{},"_coverageSchema":"1a1c01bbd47fc00a2c39e90264f33305004495a9","hash":"3af1c38fc49c237d6aa17f4ab92ce4a81046a15e"}
}
