TN:
SF:src\app.js
FNF:0
FNH:0
DA:9,9
DA:11,9
DA:12,9
DA:14,9
DA:15,0
DA:17,9
DA:20,9
DA:23,9
LF:8
LH:7
BRDA:14,0,0,0
BRDA:14,0,1,9
BRF:2
BRH:1
end_of_record
TN:
SF:src\controllers\auth.controller.js
FN:3,register
FN:17,login
FNF:2
FNH:2
FNDA:12,register
FNDA:11,login
DA:4,12
DA:5,12
DA:6,12
DA:13,0
DA:18,11
DA:19,11
DA:20,11
DA:27,0
LF:8
LH:6
BRF:0
BRH:0
end_of_record
TN:
SF:src\controllers\dashboard.controller.js
FN:3,today
FN:10,week
FN:17,stats
FNF:3
FNH:3
FNDA:2,today
FNDA:2,week
FNDA:2,stats
DA:4,2
DA:5,2
DA:6,2
DA:7,0
DA:11,2
DA:12,2
DA:13,2
DA:14,0
DA:18,2
DA:19,2
DA:20,2
DA:21,0
LF:12
LH:9
BRF:0
BRH:0
end_of_record
TN:
SF:src\controllers\snapshot.controller.js
FN:10,addSnapshot
FN:26,listSnapshots
FN:37,getOneSnapshot
FN:48,updateSnapshotCtrl
FN:66,deleteSnapshotCtrl
FNF:5
FNH:4
FNDA:12,addSnapshot
FNDA:2,listSnapshots
FNDA:1,getOneSnapshot
FNDA:2,updateSnapshotCtrl
FNDA:0,deleteSnapshotCtrl
DA:11,12
DA:12,12
DA:13,11
DA:17,1
DA:18,1
DA:22,0
DA:27,2
DA:29,2
DA:30,2
DA:31,2
DA:33,0
DA:38,1
DA:39,1
DA:40,0
DA:41,0
DA:42,0
DA:44,1
DA:49,2
DA:50,2
DA:51,1
DA:52,0
DA:53,1
DA:57,1
DA:58,1
DA:62,0
DA:67,0
DA:68,0
DA:69,0
DA:70,0
DA:71,0
DA:75,0
LF:31
LH:18
BRDA:17,0,0,1
BRDA:17,0,1,0
BRDA:29,1,0,2
BRDA:29,1,1,0
BRDA:40,2,0,0
BRDA:40,2,1,0
BRDA:51,3,0,0
BRDA:51,3,1,1
BRDA:57,4,0,1
BRDA:57,4,1,0
BRDA:69,5,0,0
BRDA:69,5,1,0
BRF:12
BRH:4
end_of_record
TN:
SF:src\middleware\auth.middleware.js
FN:3,authMiddleware
FNF:1
FNH:1
FNDA:26,authMiddleware
DA:4,26
DA:6,26
DA:7,1
DA:13,25
DA:15,25
DA:16,25
DA:17,24
DA:18,24
DA:20,1
LF:9
LH:9
BRDA:6,0,0,1
BRDA:6,0,1,25
BRF:2
BRH:2
end_of_record
TN:
SF:src\middleware\error.middleware.js
FN:1,errorHandler
FNF:1
FNH:1
FNDA:1,errorHandler
DA:2,1
DA:4,1
DA:6,1
LF:3
LH:3
BRDA:4,0,0,1
BRDA:4,0,1,1
BRDA:8,1,0,1
BRDA:8,1,1,0
BRDA:9,2,0,0
BRDA:9,2,1,1
BRF:6
BRH:4
end_of_record
TN:
SF:src\middleware\validate.middleware.js
FN:1,validate
FN:2,(anonymous_1)
FN:9,(anonymous_2)
FNF:3
FNH:2
FNDA:36,validate
FNDA:37,(anonymous_1)
FNDA:0,(anonymous_2)
DA:2,36
DA:3,37
DA:4,37
DA:5,37
DA:6,0
DA:9,0
DA:12,37
DA:13,37
LF:8
LH:6
BRDA:5,0,0,0
BRDA:5,0,1,37
BRF:2
BRH:1
end_of_record
TN:
SF:src\middleware\validateQuery.middleware.js
FN:1,validateQuery
FN:2,(anonymous_1)
FN:13,(anonymous_2)
FNF:3
FNH:3
FNDA:9,validateQuery
FNDA:3,(anonymous_1)
FNDA:1,(anonymous_2)
DA:2,9
DA:3,3
DA:9,3
DA:10,1
DA:13,1
DA:19,2
DA:20,2
LF:7
LH:7
BRDA:9,0,0,1
BRDA:9,0,1,2
BRF:2
BRH:2
end_of_record
TN:
SF:src\models\Snapshot.model.js
FNF:0
FNH:0
DA:3,9
DA:35,9
DA:37,9
LF:3
LH:3
BRF:0
BRH:0
end_of_record
TN:
SF:src\models\User.model.js
FNF:0
FNH:0
DA:3,9
DA:28,9
LF:2
LH:2
BRF:0
BRH:0
end_of_record
TN:
SF:src\routes\auth.routes.js
FNF:0
FNH:0
DA:6,9
DA:35,9
DA:57,9
LF:3
LH:3
BRF:0
BRH:0
end_of_record
TN:
SF:src\routes\dashboard.routes.js
FNF:0
FNH:0
DA:5,9
DA:26,9
DA:84,9
DA:146,9
LF:4
LH:4
BRF:0
BRH:0
end_of_record
TN:
SF:src\routes\index.js
FN:10,(anonymous_0)
FNF:1
FNH:0
FNDA:0,(anonymous_0)
DA:8,9
DA:10,9
DA:11,0
DA:14,9
DA:15,9
DA:16,9
LF:6
LH:5
BRF:0
BRH:0
end_of_record
TN:
SF:src\routes\snapshot.routes.js
FNF:0
FNH:0
DA:19,9
DA:51,9
DA:88,9
DA:116,9
DA:147,9
DA:170,9
LF:6
LH:6
BRF:0
BRH:0
end_of_record
TN:
SF:src\services\auth.service.js
FN:5,createError
FN:11,registerUser
FN:40,loginUser
FNF:3
FNH:2
FNDA:0,createError
FNDA:12,registerUser
FNDA:11,loginUser
DA:6,0
DA:7,0
DA:8,0
DA:12,12
DA:13,0
DA:16,12
DA:17,12
DA:18,0
DA:21,12
DA:23,12
DA:29,12
DA:31,12
DA:37,12
DA:41,11
DA:42,0
DA:45,11
DA:46,11
DA:47,0
DA:50,11
DA:51,11
DA:52,0
DA:55,11
DA:57,11
DA:63,11
LF:24
LH:16
BRDA:5,0,0,0
BRDA:12,1,0,0
BRDA:12,1,1,12
BRDA:12,2,0,12
BRDA:12,2,1,12
BRDA:12,2,2,12
BRDA:17,3,0,0
BRDA:17,3,1,12
BRDA:41,4,0,0
BRDA:41,4,1,11
BRDA:41,5,0,11
BRDA:41,5,1,11
BRDA:46,6,0,0
BRDA:46,6,1,11
BRDA:51,7,0,0
BRDA:51,7,1,11
BRF:16
BRH:10
end_of_record
TN:
SF:src\services\dashboard.service.js
FN:5,getTodaySnapshot
FN:12,getWeekTrend
FN:45,(anonymous_2)
FN:48,(anonymous_3)
FN:59,getGlobalStats
FNF:5
FNH:3
FNDA:2,getTodaySnapshot
FNDA:2,getWeekTrend
FNDA:0,(anonymous_2)
FNDA:0,(anonymous_3)
FNDA:2,getGlobalStats
DA:6,2
DA:13,2
DA:14,2
DA:15,2
DA:18,2
DA:40,2
DA:45,2
DA:46,2
DA:48,0
DA:55,2
DA:60,2
DA:73,2
DA:74,2
DA:75,2
DA:76,2
DA:79,2
DA:80,2
DA:82,2
LF:18
LH:17
BRDA:46,0,0,0
BRDA:46,0,1,2
BRDA:73,1,0,1
BRDA:73,1,1,1
BRDA:74,2,0,2
BRDA:74,2,1,1
BRDA:75,3,0,2
BRDA:75,3,1,1
BRDA:76,4,0,2
BRDA:76,4,1,1
BRDA:84,5,0,1
BRDA:84,5,1,1
BRDA:85,6,0,1
BRDA:85,6,1,1
BRF:14
BRH:13
end_of_record
TN:
SF:src\services\snapshot.service.js
FN:5,toDayKey
FN:14,buildSort
FN:21,createSnapshot
FN:37,getSnapshots
FN:42,getSnapshotsPaged
FN:71,getSnapshotById
FN:76,updateSnapshot
FN:97,(anonymous_7)
FN:112,deleteSnapshot
FNF:9
FNH:7
FNDA:13,toDayKey
FNDA:2,buildSort
FNDA:12,createSnapshot
FNDA:0,getSnapshots
FNDA:2,getSnapshotsPaged
FNDA:1,getSnapshotById
FNDA:2,updateSnapshot
FNDA:9,(anonymous_7)
FNDA:0,deleteSnapshot
DA:6,13
DA:7,13
DA:8,13
DA:9,13
DA:13,9
DA:15,2
DA:16,2
DA:17,2
DA:22,12
DA:23,12
DA:25,12
DA:33,11
DA:38,0
DA:46,2
DA:47,2
DA:48,2
DA:50,2
DA:52,2
DA:60,2
DA:72,1
DA:77,2
DA:80,2
DA:81,1
DA:82,1
DA:83,1
DA:87,2
DA:97,9
DA:98,1
DA:99,1
DA:100,1
DA:101,1
DA:104,2
DA:113,0
LF:33
LH:31
BRDA:5,0,0,0
BRDA:14,1,0,0
BRDA:15,2,0,2
BRDA:15,2,1,0
BRDA:17,3,0,2
BRDA:17,3,1,0
BRDA:22,4,0,8
BRDA:22,4,1,4
BRDA:44,5,0,0
BRDA:44,6,0,0
BRDA:44,7,0,0
BRDA:44,8,0,0
BRDA:46,9,0,2
BRDA:46,9,1,0
BRDA:47,10,0,2
BRDA:47,10,1,0
BRDA:64,11,0,2
BRDA:64,11,1,1
BRDA:66,12,0,2
BRDA:66,12,1,0
BRDA:66,13,0,2
BRDA:66,13,1,2
BRDA:80,14,0,1
BRDA:80,14,1,1
BRDA:97,15,0,1
BRDA:97,15,1,1
BRDA:99,16,0,0
BRDA:99,16,1,1
BRF:28
BRH:16
end_of_record
TN:
SF:src\tests\helpers\auth.js
FN:4,getToken
FNF:1
FNH:1
FNDA:10,getToken
DA:5,10
DA:11,10
DA:15,10
LF:3
LH:3
BRDA:4,0,0,8
BRF:1
BRH:1
end_of_record
TN:
SF:src\tests\helpers\factories.js
FN:1,snapshotPayload
FNF:1
FNH:1
FNDA:12,snapshotPayload
DA:2,12
LF:1
LH:1
BRDA:1,0,0,4
BRF:1
BRH:1
end_of_record
TN:
SF:src\utils\chaosCalculator.js
FN:1,calculateChaosScore
FNF:1
FNH:1
FNDA:15,calculateChaosScore
DA:2,15
DA:5,15
DA:6,15
DA:7,15
DA:8,15
DA:9,15
DA:10,15
DA:11,15
DA:12,15
DA:15,15
DA:16,15
DA:18,15
LF:12
LH:12
BRDA:15,0,0,13
BRDA:15,0,1,2
BRDA:16,1,0,0
BRDA:16,1,1,15
BRF:4
BRH:3
end_of_record
TN:
SF:src\utils\validation.schemas.js
FNF:0
FNH:0
DA:4,9
DA:10,9
DA:15,9
DA:28,9
DA:42,9
LF:5
LH:5
BRF:0
BRH:0
end_of_record
